INFO main org.springframework.context.support.ClassPathXmlApplicationContext - Refreshing org.springframework.context.support.ClassPathXmlApplicationContext@4c3e4790: startup date [Thu Feb 04 14:05:51 CST 2016]; root of context hierarchy
2016-02-04 14:05:51,922 [main] INFO  org.springframework.context.support.ClassPathXmlApplicationContext - Refreshing org.springframework.context.support.ClassPathXmlApplicationContext@4c3e4790: startup date [Thu Feb 04 14:05:51 CST 2016]; root of context hierarchy
INFO main org.springframework.beans.factory.xml.XmlBeanDefinitionReader - Loading XML bean definitions from class path resource [applicationContext.xml]
2016-02-04 14:05:52,195 [main] INFO  org.springframework.beans.factory.xml.XmlBeanDefinitionReader - Loading XML bean definitions from class path resource [applicationContext.xml]
INFO main org.springframework.beans.factory.config.PropertyPlaceholderConfigurer - Loading properties file from class path resource [database.properties]
2016-02-04 14:05:53,065 [main] INFO  org.springframework.beans.factory.config.PropertyPlaceholderConfigurer - Loading properties file from class path resource [database.properties]
INFO main org.springframework.jdbc.datasource.DriverManagerDataSource - Loaded JDBC driver: com.mysql.jdbc.Driver
2016-02-04 14:05:53,160 [main] INFO  org.springframework.jdbc.datasource.DriverManagerDataSource - Loaded JDBC driver: com.mysql.jdbc.Driver
INFO main org.springframework.context.support.ClassPathXmlApplicationContext - Refreshing org.springframework.context.support.ClassPathXmlApplicationContext@4c3e4790: startup date [Thu Feb 04 14:08:16 CST 2016]; root of context hierarchy
2016-02-04 14:08:16,247 [main] INFO  org.springframework.context.support.ClassPathXmlApplicationContext - Refreshing org.springframework.context.support.ClassPathXmlApplicationContext@4c3e4790: startup date [Thu Feb 04 14:08:16 CST 2016]; root of context hierarchy
INFO main org.springframework.beans.factory.xml.XmlBeanDefinitionReader - Loading XML bean definitions from class path resource [applicationContext.xml]
2016-02-04 14:08:16,643 [main] INFO  org.springframework.beans.factory.xml.XmlBeanDefinitionReader - Loading XML bean definitions from class path resource [applicationContext.xml]
INFO main org.springframework.beans.factory.config.PropertyPlaceholderConfigurer - Loading properties file from class path resource [database.properties]
2016-02-04 14:08:17,577 [main] INFO  org.springframework.beans.factory.config.PropertyPlaceholderConfigurer - Loading properties file from class path resource [database.properties]
INFO main org.springframework.jdbc.datasource.DriverManagerDataSource - Loaded JDBC driver: com.mysql.jdbc.Driver
2016-02-04 14:08:17,679 [main] INFO  org.springframework.jdbc.datasource.DriverManagerDataSource - Loaded JDBC driver: com.mysql.jdbc.Driver
INFO main org.springframework.context.support.ClassPathXmlApplicationContext - Refreshing org.springframework.context.support.ClassPathXmlApplicationContext@3cd1f1c8: startup date [Thu Feb 04 15:03:54 CST 2016]; root of context hierarchy
2016-02-04 15:03:54,288 [main] INFO  org.springframework.context.support.ClassPathXmlApplicationContext - Refreshing org.springframework.context.support.ClassPathXmlApplicationContext@3cd1f1c8: startup date [Thu Feb 04 15:03:54 CST 2016]; root of context hierarchy
INFO main org.springframework.beans.factory.xml.XmlBeanDefinitionReader - Loading XML bean definitions from class path resource [applicationContext.xml]
2016-02-04 15:03:54,597 [main] INFO  org.springframework.beans.factory.xml.XmlBeanDefinitionReader - Loading XML bean definitions from class path resource [applicationContext.xml]
INFO main org.springframework.beans.factory.config.PropertyPlaceholderConfigurer - Loading properties file from class path resource [database.properties]
2016-02-04 15:03:55,520 [main] INFO  org.springframework.beans.factory.config.PropertyPlaceholderConfigurer - Loading properties file from class path resource [database.properties]
INFO main org.springframework.jdbc.datasource.DriverManagerDataSource - Loaded JDBC driver: com.mysql.jdbc.Driver
2016-02-04 15:03:55,606 [main] INFO  org.springframework.jdbc.datasource.DriverManagerDataSource - Loaded JDBC driver: com.mysql.jdbc.Driver
INFO main org.springframework.beans.factory.xml.XmlBeanDefinitionReader - Loading XML bean definitions from class path resource [org/springframework/jdbc/support/sql-error-codes.xml]
2016-02-04 15:03:57,049 [main] INFO  org.springframework.beans.factory.xml.XmlBeanDefinitionReader - Loading XML bean definitions from class path resource [org/springframework/jdbc/support/sql-error-codes.xml]
INFO main org.springframework.jdbc.support.SQLErrorCodesFactory - SQLErrorCodes loaded: [DB2, Derby, H2, HSQL, Informix, MS-SQL, MySQL, Oracle, PostgreSQL, Sybase, Hana]
2016-02-04 15:03:57,287 [main] INFO  org.springframework.jdbc.support.SQLErrorCodesFactory - SQLErrorCodes loaded: [DB2, Derby, H2, HSQL, Informix, MS-SQL, MySQL, Oracle, PostgreSQL, Sybase, Hana]
INFO main org.springframework.context.support.ClassPathXmlApplicationContext - Refreshing org.springframework.context.support.ClassPathXmlApplicationContext@3cd1f1c8: startup date [Thu Feb 04 15:06:24 CST 2016]; root of context hierarchy
2016-02-04 15:06:25,040 [main] INFO  org.springframework.context.support.ClassPathXmlApplicationContext - Refreshing org.springframework.context.support.ClassPathXmlApplicationContext@3cd1f1c8: startup date [Thu Feb 04 15:06:24 CST 2016]; root of context hierarchy
INFO main org.springframework.beans.factory.xml.XmlBeanDefinitionReader - Loading XML bean definitions from class path resource [applicationContext.xml]
2016-02-04 15:06:25,350 [main] INFO  org.springframework.beans.factory.xml.XmlBeanDefinitionReader - Loading XML bean definitions from class path resource [applicationContext.xml]
INFO main org.springframework.beans.factory.config.PropertyPlaceholderConfigurer - Loading properties file from class path resource [database.properties]
2016-02-04 15:06:26,581 [main] INFO  org.springframework.beans.factory.config.PropertyPlaceholderConfigurer - Loading properties file from class path resource [database.properties]
INFO main org.springframework.jdbc.datasource.DriverManagerDataSource - Loaded JDBC driver: com.mysql.jdbc.Driver
2016-02-04 15:06:26,717 [main] INFO  org.springframework.jdbc.datasource.DriverManagerDataSource - Loaded JDBC driver: com.mysql.jdbc.Driver
INFO main org.springframework.beans.factory.xml.XmlBeanDefinitionReader - Loading XML bean definitions from class path resource [org/springframework/jdbc/support/sql-error-codes.xml]
2016-02-04 15:06:28,731 [main] INFO  org.springframework.beans.factory.xml.XmlBeanDefinitionReader - Loading XML bean definitions from class path resource [org/springframework/jdbc/support/sql-error-codes.xml]
INFO main org.springframework.jdbc.support.SQLErrorCodesFactory - SQLErrorCodes loaded: [DB2, Derby, H2, HSQL, Informix, MS-SQL, MySQL, Oracle, PostgreSQL, Sybase, Hana]
2016-02-04 15:06:28,957 [main] INFO  org.springframework.jdbc.support.SQLErrorCodesFactory - SQLErrorCodes loaded: [DB2, Derby, H2, HSQL, Informix, MS-SQL, MySQL, Oracle, PostgreSQL, Sybase, Hana]
INFO main org.springframework.context.support.ClassPathXmlApplicationContext - Refreshing org.springframework.context.support.ClassPathXmlApplicationContext@3cd1f1c8: startup date [Thu Feb 04 15:11:22 CST 2016]; root of context hierarchy
2016-02-04 15:11:22,778 [main] INFO  org.springframework.context.support.ClassPathXmlApplicationContext - Refreshing org.springframework.context.support.ClassPathXmlApplicationContext@3cd1f1c8: startup date [Thu Feb 04 15:11:22 CST 2016]; root of context hierarchy
INFO main org.springframework.beans.factory.xml.XmlBeanDefinitionReader - Loading XML bean definitions from class path resource [applicationContext.xml]
2016-02-04 15:11:23,045 [main] INFO  org.springframework.beans.factory.xml.XmlBeanDefinitionReader - Loading XML bean definitions from class path resource [applicationContext.xml]
INFO main org.springframework.beans.factory.config.PropertyPlaceholderConfigurer - Loading properties file from class path resource [database.properties]
2016-02-04 15:11:24,000 [main] INFO  org.springframework.beans.factory.config.PropertyPlaceholderConfigurer - Loading properties file from class path resource [database.properties]
INFO main org.springframework.jdbc.datasource.DriverManagerDataSource - Loaded JDBC driver: com.mysql.jdbc.Driver
2016-02-04 15:11:24,101 [main] INFO  org.springframework.jdbc.datasource.DriverManagerDataSource - Loaded JDBC driver: com.mysql.jdbc.Driver
INFO main com.sunny.service.DemoService - key is:8
2016-02-04 15:11:25,369 [main] INFO  com.sunny.service.DemoService - key is:8
INFO main org.springframework.beans.factory.xml.XmlBeanDefinitionReader - Loading XML bean definitions from class path resource [org/springframework/jdbc/support/sql-error-codes.xml]
2016-02-04 15:11:25,504 [main] INFO  org.springframework.beans.factory.xml.XmlBeanDefinitionReader - Loading XML bean definitions from class path resource [org/springframework/jdbc/support/sql-error-codes.xml]
INFO main org.springframework.jdbc.support.SQLErrorCodesFactory - SQLErrorCodes loaded: [DB2, Derby, H2, HSQL, Informix, MS-SQL, MySQL, Oracle, PostgreSQL, Sybase, Hana]
2016-02-04 15:11:25,811 [main] INFO  org.springframework.jdbc.support.SQLErrorCodesFactory - SQLErrorCodes loaded: [DB2, Derby, H2, HSQL, Informix, MS-SQL, MySQL, Oracle, PostgreSQL, Sybase, Hana]
INFO main org.springframework.context.support.ClassPathXmlApplicationContext - Refreshing org.springframework.context.support.ClassPathXmlApplicationContext@3cd1f1c8: startup date [Thu Feb 04 15:22:31 CST 2016]; root of context hierarchy
2016-02-04 15:22:31,972 [main] INFO  org.springframework.context.support.ClassPathXmlApplicationContext - Refreshing org.springframework.context.support.ClassPathXmlApplicationContext@3cd1f1c8: startup date [Thu Feb 04 15:22:31 CST 2016]; root of context hierarchy
INFO main org.springframework.beans.factory.xml.XmlBeanDefinitionReader - Loading XML bean definitions from class path resource [applicationContext.xml]
2016-02-04 15:22:32,265 [main] INFO  org.springframework.beans.factory.xml.XmlBeanDefinitionReader - Loading XML bean definitions from class path resource [applicationContext.xml]
INFO main org.springframework.beans.factory.config.PropertyPlaceholderConfigurer - Loading properties file from class path resource [database.properties]
2016-02-04 15:22:33,669 [main] INFO  org.springframework.beans.factory.config.PropertyPlaceholderConfigurer - Loading properties file from class path resource [database.properties]
WARN main org.springframework.context.support.ClassPathXmlApplicationContext - Exception encountered during context initialization - cancelling refresh attempt
2016-02-04 15:22:33,873 [main] WARN  org.springframework.context.support.ClassPathXmlApplicationContext - Exception encountered during context initialization - cancelling refresh attempt
org.springframework.beans.factory.BeanCreationException: Error creating bean with name 'dataSource' defined in class path resource [applicationContext.xml]: BeanPostProcessor before instantiation of bean failed; nested exception is org.springframework.beans.factory.BeanCreationException: Error creating bean with name 'org.springframework.aop.support.DefaultBeanFactoryPointcutAdvisor#0': Cannot resolve reference to bean 'serviceMethod' while setting bean property 'pointcut'; nested exception is org.springframework.beans.factory.BeanCreationException: Error creating bean with name 'serviceMethod': Instantiation of bean failed; nested exception is java.lang.NoClassDefFoundError: org/aspectj/weaver/reflect/ReflectionWorld$ReflectionWorldException
	at org.springframework.beans.factory.support.AbstractAutowireCapableBeanFactory.createBean(AbstractAutowireCapableBeanFactory.java:472)
	at org.springframework.beans.factory.support.AbstractBeanFactory$1.getObject(AbstractBeanFactory.java:303)
	at org.springframework.beans.factory.support.DefaultSingletonBeanRegistry.getSingleton(DefaultSingletonBeanRegistry.java:230)
	at org.springframework.beans.factory.support.AbstractBeanFactory.doGetBean(AbstractBeanFactory.java:299)
	at org.springframework.beans.factory.support.AbstractBeanFactory.getBean(AbstractBeanFactory.java:194)
	at org.springframework.beans.factory.support.DefaultListableBeanFactory.preInstantiateSingletons(DefaultListableBeanFactory.java:755)
	at org.springframework.context.support.AbstractApplicationContext.finishBeanFactoryInitialization(AbstractApplicationContext.java:759)
	at org.springframework.context.support.AbstractApplicationContext.refresh(AbstractApplicationContext.java:480)
	at org.springframework.context.support.ClassPathXmlApplicationContext.<init>(ClassPathXmlApplicationContext.java:139)
	at org.springframework.context.support.ClassPathXmlApplicationContext.<init>(ClassPathXmlApplicationContext.java:83)
	at com.sunny.util.DBSession.getDataSource(DBSession.java:25)
	at com.sunny.service.DemoService.insertUserAndTopic(DemoService.java:23)
	at sun.reflect.NativeMethodAccessorImpl.invoke0(Native Method)
	at sun.reflect.NativeMethodAccessorImpl.invoke(NativeMethodAccessorImpl.java:62)
	at sun.reflect.DelegatingMethodAccessorImpl.invoke(DelegatingMethodAccessorImpl.java:43)
	at java.lang.reflect.Method.invoke(Method.java:497)
	at org.junit.runners.model.FrameworkMethod$1.runReflectiveCall(FrameworkMethod.java:44)
	at org.junit.internal.runners.model.ReflectiveCallable.run(ReflectiveCallable.java:15)
	at org.junit.runners.model.FrameworkMethod.invokeExplosively(FrameworkMethod.java:41)
	at org.junit.internal.runners.statements.InvokeMethod.evaluate(InvokeMethod.java:20)
	at org.junit.internal.runners.statements.RunBefores.evaluate(RunBefores.java:28)
	at org.junit.internal.runners.statements.RunAfters.evaluate(RunAfters.java:31)
	at org.junit.runners.BlockJUnit4ClassRunner.runChild(BlockJUnit4ClassRunner.java:73)
	at org.junit.runners.BlockJUnit4ClassRunner.runChild(BlockJUnit4ClassRunner.java:46)
	at org.junit.runners.ParentRunner.runChildren(ParentRunner.java:180)
	at org.junit.runners.ParentRunner.access$000(ParentRunner.java:41)
	at org.junit.runners.ParentRunner$1.evaluate(ParentRunner.java:173)
	at org.junit.internal.runners.statements.RunBefores.evaluate(RunBefores.java:28)
	at org.junit.internal.runners.statements.RunAfters.evaluate(RunAfters.java:31)
	at org.junit.runners.ParentRunner.run(ParentRunner.java:220)
	at org.eclipse.jdt.internal.junit4.runner.JUnit4TestReference.run(JUnit4TestReference.java:50)
	at org.eclipse.jdt.internal.junit.runner.TestExecution.run(TestExecution.java:38)
	at org.eclipse.jdt.internal.junit.runner.RemoteTestRunner.runTests(RemoteTestRunner.java:459)
	at org.eclipse.jdt.internal.junit.runner.RemoteTestRunner.runTests(RemoteTestRunner.java:675)
	at org.eclipse.jdt.internal.junit.runner.RemoteTestRunner.run(RemoteTestRunner.java:382)
	at org.eclipse.jdt.internal.junit.runner.RemoteTestRunner.main(RemoteTestRunner.java:192)
Caused by: org.springframework.beans.factory.BeanCreationException: Error creating bean with name 'org.springframework.aop.support.DefaultBeanFactoryPointcutAdvisor#0': Cannot resolve reference to bean 'serviceMethod' while setting bean property 'pointcut'; nested exception is org.springframework.beans.factory.BeanCreationException: Error creating bean with name 'serviceMethod': Instantiation of bean failed; nested exception is java.lang.NoClassDefFoundError: org/aspectj/weaver/reflect/ReflectionWorld$ReflectionWorldException
	at org.springframework.beans.factory.support.BeanDefinitionValueResolver.resolveReference(BeanDefinitionValueResolver.java:359)
	at org.springframework.beans.factory.support.BeanDefinitionValueResolver.resolveValueIfNecessary(BeanDefinitionValueResolver.java:108)
	at org.springframework.beans.factory.support.AbstractAutowireCapableBeanFactory.applyPropertyValues(AbstractAutowireCapableBeanFactory.java:1475)
	at org.springframework.beans.factory.support.AbstractAutowireCapableBeanFactory.populateBean(AbstractAutowireCapableBeanFactory.java:1220)
	at org.springframework.beans.factory.support.AbstractAutowireCapableBeanFactory.doCreateBean(AbstractAutowireCapableBeanFactory.java:537)
	at org.springframework.beans.factory.support.AbstractAutowireCapableBeanFactory.createBean(AbstractAutowireCapableBeanFactory.java:476)
	at org.springframework.beans.factory.support.AbstractBeanFactory$1.getObject(AbstractBeanFactory.java:303)
	at org.springframework.beans.factory.support.DefaultSingletonBeanRegistry.getSingleton(DefaultSingletonBeanRegistry.java:230)
	at org.springframework.beans.factory.support.AbstractBeanFactory.doGetBean(AbstractBeanFactory.java:299)
	at org.springframework.beans.factory.support.AbstractBeanFactory.getBean(AbstractBeanFactory.java:199)
	at org.springframework.aop.framework.autoproxy.BeanFactoryAdvisorRetrievalHelper.findAdvisorBeans(BeanFactoryAdvisorRetrievalHelper.java:92)
	at org.springframework.aop.framework.autoproxy.AbstractAdvisorAutoProxyCreator.findCandidateAdvisors(AbstractAdvisorAutoProxyCreator.java:101)
	at org.springframework.aop.aspectj.autoproxy.AspectJAwareAdvisorAutoProxyCreator.shouldSkip(AspectJAwareAdvisorAutoProxyCreator.java:103)
	at org.springframework.aop.framework.autoproxy.AbstractAutoProxyCreator.postProcessBeforeInstantiation(AbstractAutoProxyCreator.java:243)
	at org.springframework.beans.factory.support.AbstractAutowireCapableBeanFactory.applyBeanPostProcessorsBeforeInstantiation(AbstractAutowireCapableBeanFactory.java:982)
	at org.springframework.beans.factory.support.AbstractAutowireCapableBeanFactory.resolveBeforeInstantiation(AbstractAutowireCapableBeanFactory.java:953)
	at org.springframework.beans.factory.support.AbstractAutowireCapableBeanFactory.createBean(AbstractAutowireCapableBeanFactory.java:466)
	... 35 more
Caused by: org.springframework.beans.factory.BeanCreationException: Error creating bean with name 'serviceMethod': Instantiation of bean failed; nested exception is java.lang.NoClassDefFoundError: org/aspectj/weaver/reflect/ReflectionWorld$ReflectionWorldException
	at org.springframework.beans.factory.support.AbstractAutowireCapableBeanFactory.instantiateBean(AbstractAutowireCapableBeanFactory.java:1099)
	at org.springframework.beans.factory.support.AbstractAutowireCapableBeanFactory.createBeanInstance(AbstractAutowireCapableBeanFactory.java:1044)
	at org.springframework.beans.factory.support.AbstractAutowireCapableBeanFactory.doCreateBean(AbstractAutowireCapableBeanFactory.java:504)
	at org.springframework.beans.factory.support.AbstractAutowireCapableBeanFactory.createBean(AbstractAutowireCapableBeanFactory.java:476)
	at org.springframework.beans.factory.support.AbstractBeanFactory.doGetBean(AbstractBeanFactory.java:322)
	at org.springframework.beans.factory.support.AbstractBeanFactory.getBean(AbstractBeanFactory.java:194)
	at org.springframework.beans.factory.support.BeanDefinitionValueResolver.resolveReference(BeanDefinitionValueResolver.java:351)
	... 51 more
Caused by: java.lang.NoClassDefFoundError: org/aspectj/weaver/reflect/ReflectionWorld$ReflectionWorldException
	at java.lang.Class.getDeclaredConstructors0(Native Method)
	at java.lang.Class.privateGetDeclaredConstructors(Class.java:2671)
	at java.lang.Class.getConstructor0(Class.java:3075)
	at java.lang.Class.getDeclaredConstructor(Class.java:2178)
	at org.springframework.beans.factory.support.SimpleInstantiationStrategy.instantiate(SimpleInstantiationStrategy.java:80)
	at org.springframework.beans.factory.support.AbstractAutowireCapableBeanFactory.instantiateBean(AbstractAutowireCapableBeanFactory.java:1092)
	... 57 more
Caused by: java.lang.ClassNotFoundException: org.aspectj.weaver.reflect.ReflectionWorld$ReflectionWorldException
	at java.net.URLClassLoader.findClass(URLClassLoader.java:381)
	at java.lang.ClassLoader.loadClass(ClassLoader.java:424)
	at sun.misc.Launcher$AppClassLoader.loadClass(Launcher.java:331)
	at java.lang.ClassLoader.loadClass(ClassLoader.java:357)
	... 63 more
INFO main org.springframework.context.support.ClassPathXmlApplicationContext - Refreshing org.springframework.context.support.ClassPathXmlApplicationContext@555590: startup date [Thu Feb 04 15:27:48 CST 2016]; root of context hierarchy
2016-02-04 15:27:48,025 [main] INFO  org.springframework.context.support.ClassPathXmlApplicationContext - Refreshing org.springframework.context.support.ClassPathXmlApplicationContext@555590: startup date [Thu Feb 04 15:27:48 CST 2016]; root of context hierarchy
INFO main org.springframework.beans.factory.xml.XmlBeanDefinitionReader - Loading XML bean definitions from class path resource [applicationContext.xml]
2016-02-04 15:27:48,361 [main] INFO  org.springframework.beans.factory.xml.XmlBeanDefinitionReader - Loading XML bean definitions from class path resource [applicationContext.xml]
INFO main org.springframework.beans.factory.config.PropertyPlaceholderConfigurer - Loading properties file from class path resource [database.properties]
2016-02-04 15:27:49,871 [main] INFO  org.springframework.beans.factory.config.PropertyPlaceholderConfigurer - Loading properties file from class path resource [database.properties]
INFO main org.springframework.jdbc.datasource.DriverManagerDataSource - Loaded JDBC driver: com.mysql.jdbc.Driver
2016-02-04 15:27:50,148 [main] INFO  org.springframework.jdbc.datasource.DriverManagerDataSource - Loaded JDBC driver: com.mysql.jdbc.Driver
INFO main com.sunny.service.DemoService - key is:9
2016-02-04 15:27:52,649 [main] INFO  com.sunny.service.DemoService - key is:9
INFO main org.springframework.beans.factory.xml.XmlBeanDefinitionReader - Loading XML bean definitions from class path resource [org/springframework/jdbc/support/sql-error-codes.xml]
2016-02-04 15:27:52,755 [main] INFO  org.springframework.beans.factory.xml.XmlBeanDefinitionReader - Loading XML bean definitions from class path resource [org/springframework/jdbc/support/sql-error-codes.xml]
INFO main org.springframework.jdbc.support.SQLErrorCodesFactory - SQLErrorCodes loaded: [DB2, Derby, H2, HSQL, Informix, MS-SQL, MySQL, Oracle, PostgreSQL, Sybase, Hana]
2016-02-04 15:27:52,983 [main] INFO  org.springframework.jdbc.support.SQLErrorCodesFactory - SQLErrorCodes loaded: [DB2, Derby, H2, HSQL, Informix, MS-SQL, MySQL, Oracle, PostgreSQL, Sybase, Hana]
INFO main org.springframework.context.support.ClassPathXmlApplicationContext - Refreshing org.springframework.context.support.ClassPathXmlApplicationContext@555590: startup date [Thu Feb 04 15:29:01 CST 2016]; root of context hierarchy
2016-02-04 15:29:01,799 [main] INFO  org.springframework.context.support.ClassPathXmlApplicationContext - Refreshing org.springframework.context.support.ClassPathXmlApplicationContext@555590: startup date [Thu Feb 04 15:29:01 CST 2016]; root of context hierarchy
INFO main org.springframework.beans.factory.xml.XmlBeanDefinitionReader - Loading XML bean definitions from class path resource [applicationContext.xml]
2016-02-04 15:29:02,029 [main] INFO  org.springframework.beans.factory.xml.XmlBeanDefinitionReader - Loading XML bean definitions from class path resource [applicationContext.xml]
INFO main org.springframework.beans.factory.config.PropertyPlaceholderConfigurer - Loading properties file from class path resource [database.properties]
2016-02-04 15:29:03,331 [main] INFO  org.springframework.beans.factory.config.PropertyPlaceholderConfigurer - Loading properties file from class path resource [database.properties]
INFO main org.springframework.jdbc.datasource.DriverManagerDataSource - Loaded JDBC driver: com.mysql.jdbc.Driver
2016-02-04 15:29:03,563 [main] INFO  org.springframework.jdbc.datasource.DriverManagerDataSource - Loaded JDBC driver: com.mysql.jdbc.Driver
INFO main com.sunny.service.DemoService - key is:10
2016-02-04 15:29:05,762 [main] INFO  com.sunny.service.DemoService - key is:10
INFO main org.springframework.beans.factory.xml.XmlBeanDefinitionReader - Loading XML bean definitions from class path resource [org/springframework/jdbc/support/sql-error-codes.xml]
2016-02-04 15:29:05,900 [main] INFO  org.springframework.beans.factory.xml.XmlBeanDefinitionReader - Loading XML bean definitions from class path resource [org/springframework/jdbc/support/sql-error-codes.xml]
INFO main org.springframework.jdbc.support.SQLErrorCodesFactory - SQLErrorCodes loaded: [DB2, Derby, H2, HSQL, Informix, MS-SQL, MySQL, Oracle, PostgreSQL, Sybase, Hana]
2016-02-04 15:29:06,144 [main] INFO  org.springframework.jdbc.support.SQLErrorCodesFactory - SQLErrorCodes loaded: [DB2, Derby, H2, HSQL, Informix, MS-SQL, MySQL, Oracle, PostgreSQL, Sybase, Hana]
INFO main org.springframework.context.support.ClassPathXmlApplicationContext - Refreshing org.springframework.context.support.ClassPathXmlApplicationContext@555590: startup date [Thu Feb 04 15:31:15 CST 2016]; root of context hierarchy
2016-02-04 15:31:15,811 [main] INFO  org.springframework.context.support.ClassPathXmlApplicationContext - Refreshing org.springframework.context.support.ClassPathXmlApplicationContext@555590: startup date [Thu Feb 04 15:31:15 CST 2016]; root of context hierarchy
INFO main org.springframework.beans.factory.xml.XmlBeanDefinitionReader - Loading XML bean definitions from class path resource [applicationContext.xml]
2016-02-04 15:31:16,043 [main] INFO  org.springframework.beans.factory.xml.XmlBeanDefinitionReader - Loading XML bean definitions from class path resource [applicationContext.xml]
INFO main org.springframework.beans.factory.config.PropertyPlaceholderConfigurer - Loading properties file from class path resource [database.properties]
2016-02-04 15:31:17,134 [main] INFO  org.springframework.beans.factory.config.PropertyPlaceholderConfigurer - Loading properties file from class path resource [database.properties]
INFO main org.springframework.jdbc.datasource.DriverManagerDataSource - Loaded JDBC driver: com.mysql.jdbc.Driver
2016-02-04 15:31:17,379 [main] INFO  org.springframework.jdbc.datasource.DriverManagerDataSource - Loaded JDBC driver: com.mysql.jdbc.Driver
INFO main com.sunny.service.DemoService - key is:11
2016-02-04 15:31:19,490 [main] INFO  com.sunny.service.DemoService - key is:11
INFO main org.springframework.beans.factory.xml.XmlBeanDefinitionReader - Loading XML bean definitions from class path resource [org/springframework/jdbc/support/sql-error-codes.xml]
2016-02-04 15:31:19,583 [main] INFO  org.springframework.beans.factory.xml.XmlBeanDefinitionReader - Loading XML bean definitions from class path resource [org/springframework/jdbc/support/sql-error-codes.xml]
INFO main org.springframework.jdbc.support.SQLErrorCodesFactory - SQLErrorCodes loaded: [DB2, Derby, H2, HSQL, Informix, MS-SQL, MySQL, Oracle, PostgreSQL, Sybase, Hana]
2016-02-04 15:31:19,790 [main] INFO  org.springframework.jdbc.support.SQLErrorCodesFactory - SQLErrorCodes loaded: [DB2, Derby, H2, HSQL, Informix, MS-SQL, MySQL, Oracle, PostgreSQL, Sybase, Hana]
INFO main org.springframework.context.support.ClassPathXmlApplicationContext - Refreshing org.springframework.context.support.ClassPathXmlApplicationContext@555590: startup date [Thu Feb 04 15:43:10 CST 2016]; root of context hierarchy
2016-02-04 15:43:10,153 [main] INFO  org.springframework.context.support.ClassPathXmlApplicationContext - Refreshing org.springframework.context.support.ClassPathXmlApplicationContext@555590: startup date [Thu Feb 04 15:43:10 CST 2016]; root of context hierarchy
INFO main org.springframework.beans.factory.xml.XmlBeanDefinitionReader - Loading XML bean definitions from class path resource [applicationContext.xml]
2016-02-04 15:43:10,524 [main] INFO  org.springframework.beans.factory.xml.XmlBeanDefinitionReader - Loading XML bean definitions from class path resource [applicationContext.xml]
INFO main org.springframework.beans.factory.config.PropertyPlaceholderConfigurer - Loading properties file from class path resource [database.properties]
2016-02-04 15:43:12,256 [main] INFO  org.springframework.beans.factory.config.PropertyPlaceholderConfigurer - Loading properties file from class path resource [database.properties]
INFO main org.springframework.jdbc.datasource.DriverManagerDataSource - Loaded JDBC driver: com.mysql.jdbc.Driver
2016-02-04 15:43:12,673 [main] INFO  org.springframework.jdbc.datasource.DriverManagerDataSource - Loaded JDBC driver: com.mysql.jdbc.Driver
INFO main com.sunny.service.DemoService - key is:12
2016-02-04 15:43:16,551 [main] INFO  com.sunny.service.DemoService - key is:12
INFO main org.springframework.beans.factory.xml.XmlBeanDefinitionReader - Loading XML bean definitions from class path resource [org/springframework/jdbc/support/sql-error-codes.xml]
2016-02-04 15:43:16,712 [main] INFO  org.springframework.beans.factory.xml.XmlBeanDefinitionReader - Loading XML bean definitions from class path resource [org/springframework/jdbc/support/sql-error-codes.xml]
INFO main org.springframework.jdbc.support.SQLErrorCodesFactory - SQLErrorCodes loaded: [DB2, Derby, H2, HSQL, Informix, MS-SQL, MySQL, Oracle, PostgreSQL, Sybase, Hana]
2016-02-04 15:43:16,985 [main] INFO  org.springframework.jdbc.support.SQLErrorCodesFactory - SQLErrorCodes loaded: [DB2, Derby, H2, HSQL, Informix, MS-SQL, MySQL, Oracle, PostgreSQL, Sybase, Hana]
INFO main org.springframework.context.support.ClassPathXmlApplicationContext - Refreshing org.springframework.context.support.ClassPathXmlApplicationContext@555590: startup date [Thu Feb 04 16:00:19 CST 2016]; root of context hierarchy
2016-02-04 16:00:19,171 [main] INFO  org.springframework.context.support.ClassPathXmlApplicationContext - Refreshing org.springframework.context.support.ClassPathXmlApplicationContext@555590: startup date [Thu Feb 04 16:00:19 CST 2016]; root of context hierarchy
INFO main org.springframework.beans.factory.xml.XmlBeanDefinitionReader - Loading XML bean definitions from class path resource [applicationContext.xml]
2016-02-04 16:00:19,380 [main] INFO  org.springframework.beans.factory.xml.XmlBeanDefinitionReader - Loading XML bean definitions from class path resource [applicationContext.xml]
INFO main org.springframework.beans.factory.config.PropertyPlaceholderConfigurer - Loading properties file from class path resource [database.properties]
2016-02-04 16:00:20,603 [main] INFO  org.springframework.beans.factory.config.PropertyPlaceholderConfigurer - Loading properties file from class path resource [database.properties]
INFO main org.springframework.jdbc.datasource.DriverManagerDataSource - Loaded JDBC driver: com.mysql.jdbc.Driver
2016-02-04 16:00:20,950 [main] INFO  org.springframework.jdbc.datasource.DriverManagerDataSource - Loaded JDBC driver: com.mysql.jdbc.Driver
INFO main com.sunny.service.DemoService - key is:13
2016-02-04 16:00:23,817 [main] INFO  com.sunny.service.DemoService - key is:13
INFO main org.springframework.beans.factory.xml.XmlBeanDefinitionReader - Loading XML bean definitions from class path resource [org/springframework/jdbc/support/sql-error-codes.xml]
2016-02-04 16:00:23,911 [main] INFO  org.springframework.beans.factory.xml.XmlBeanDefinitionReader - Loading XML bean definitions from class path resource [org/springframework/jdbc/support/sql-error-codes.xml]
INFO main org.springframework.jdbc.support.SQLErrorCodesFactory - SQLErrorCodes loaded: [DB2, Derby, H2, HSQL, Informix, MS-SQL, MySQL, Oracle, PostgreSQL, Sybase, Hana]
2016-02-04 16:00:24,182 [main] INFO  org.springframework.jdbc.support.SQLErrorCodesFactory - SQLErrorCodes loaded: [DB2, Derby, H2, HSQL, Informix, MS-SQL, MySQL, Oracle, PostgreSQL, Sybase, Hana]
INFO main org.springframework.context.support.ClassPathXmlApplicationContext - Refreshing org.springframework.context.support.ClassPathXmlApplicationContext@27ddd392: startup date [Thu Feb 04 16:10:07 CST 2016]; root of context hierarchy
2016-02-04 16:10:07,225 [main] INFO  org.springframework.context.support.ClassPathXmlApplicationContext - Refreshing org.springframework.context.support.ClassPathXmlApplicationContext@27ddd392: startup date [Thu Feb 04 16:10:07 CST 2016]; root of context hierarchy
INFO main org.springframework.beans.factory.xml.XmlBeanDefinitionReader - Loading XML bean definitions from class path resource [applicationContext.xml]
2016-02-04 16:10:07,434 [main] INFO  org.springframework.beans.factory.xml.XmlBeanDefinitionReader - Loading XML bean definitions from class path resource [applicationContext.xml]
INFO main org.springframework.beans.factory.config.PropertyPlaceholderConfigurer - Loading properties file from class path resource [database.properties]
2016-02-04 16:10:08,669 [main] INFO  org.springframework.beans.factory.config.PropertyPlaceholderConfigurer - Loading properties file from class path resource [database.properties]
INFO main org.springframework.jdbc.datasource.DriverManagerDataSource - Loaded JDBC driver: com.mysql.jdbc.Driver
2016-02-04 16:10:08,897 [main] INFO  org.springframework.jdbc.datasource.DriverManagerDataSource - Loaded JDBC driver: com.mysql.jdbc.Driver
INFO main org.springframework.context.support.ClassPathXmlApplicationContext - Refreshing org.springframework.context.support.ClassPathXmlApplicationContext@649bec2e: startup date [Thu Feb 04 16:10:11 CST 2016]; root of context hierarchy
2016-02-04 16:10:11,488 [main] INFO  org.springframework.context.support.ClassPathXmlApplicationContext - Refreshing org.springframework.context.support.ClassPathXmlApplicationContext@649bec2e: startup date [Thu Feb 04 16:10:11 CST 2016]; root of context hierarchy
INFO main org.springframework.beans.factory.xml.XmlBeanDefinitionReader - Loading XML bean definitions from class path resource [applicationContext.xml]
2016-02-04 16:10:11,495 [main] INFO  org.springframework.beans.factory.xml.XmlBeanDefinitionReader - Loading XML bean definitions from class path resource [applicationContext.xml]
INFO main org.springframework.beans.factory.config.PropertyPlaceholderConfigurer - Loading properties file from class path resource [database.properties]
2016-02-04 16:10:11,751 [main] INFO  org.springframework.beans.factory.config.PropertyPlaceholderConfigurer - Loading properties file from class path resource [database.properties]
INFO main org.springframework.jdbc.datasource.DriverManagerDataSource - Loaded JDBC driver: com.mysql.jdbc.Driver
2016-02-04 16:10:11,768 [main] INFO  org.springframework.jdbc.datasource.DriverManagerDataSource - Loaded JDBC driver: com.mysql.jdbc.Driver
INFO main com.sunny.service.DemoService - key is:14
2016-02-04 16:10:11,991 [main] INFO  com.sunny.service.DemoService - key is:14
INFO main org.springframework.beans.factory.xml.XmlBeanDefinitionReader - Loading XML bean definitions from class path resource [org/springframework/jdbc/support/sql-error-codes.xml]
2016-02-04 16:10:12,043 [main] INFO  org.springframework.beans.factory.xml.XmlBeanDefinitionReader - Loading XML bean definitions from class path resource [org/springframework/jdbc/support/sql-error-codes.xml]
INFO main org.springframework.jdbc.support.SQLErrorCodesFactory - SQLErrorCodes loaded: [DB2, Derby, H2, HSQL, Informix, MS-SQL, MySQL, Oracle, PostgreSQL, Sybase, Hana]
2016-02-04 16:10:12,299 [main] INFO  org.springframework.jdbc.support.SQLErrorCodesFactory - SQLErrorCodes loaded: [DB2, Derby, H2, HSQL, Informix, MS-SQL, MySQL, Oracle, PostgreSQL, Sybase, Hana]
INFO main org.springframework.context.support.ClassPathXmlApplicationContext - Refreshing org.springframework.context.support.ClassPathXmlApplicationContext@27ddd392: startup date [Thu Feb 04 16:14:06 CST 2016]; root of context hierarchy
2016-02-04 16:14:06,515 [main] INFO  org.springframework.context.support.ClassPathXmlApplicationContext - Refreshing org.springframework.context.support.ClassPathXmlApplicationContext@27ddd392: startup date [Thu Feb 04 16:14:06 CST 2016]; root of context hierarchy
INFO main org.springframework.beans.factory.xml.XmlBeanDefinitionReader - Loading XML bean definitions from class path resource [applicationContext.xml]
2016-02-04 16:14:06,732 [main] INFO  org.springframework.beans.factory.xml.XmlBeanDefinitionReader - Loading XML bean definitions from class path resource [applicationContext.xml]
INFO main org.springframework.beans.factory.config.PropertyPlaceholderConfigurer - Loading properties file from class path resource [database.properties]
2016-02-04 16:14:07,721 [main] INFO  org.springframework.beans.factory.config.PropertyPlaceholderConfigurer - Loading properties file from class path resource [database.properties]
INFO main org.springframework.jdbc.datasource.DriverManagerDataSource - Loaded JDBC driver: com.mysql.jdbc.Driver
2016-02-04 16:14:07,967 [main] INFO  org.springframework.jdbc.datasource.DriverManagerDataSource - Loaded JDBC driver: com.mysql.jdbc.Driver
INFO main org.springframework.context.support.ClassPathXmlApplicationContext - Refreshing org.springframework.context.support.ClassPathXmlApplicationContext@27ddd392: startup date [Thu Feb 04 16:31:13 CST 2016]; root of context hierarchy
2016-02-04 16:31:13,714 [main] INFO  org.springframework.context.support.ClassPathXmlApplicationContext - Refreshing org.springframework.context.support.ClassPathXmlApplicationContext@27ddd392: startup date [Thu Feb 04 16:31:13 CST 2016]; root of context hierarchy
INFO main org.springframework.beans.factory.xml.XmlBeanDefinitionReader - Loading XML bean definitions from class path resource [C:/java_workspace(EE)/springMVC Maven Webapp/src/main/java/applicationContext.xml]
2016-02-04 16:31:13,932 [main] INFO  org.springframework.beans.factory.xml.XmlBeanDefinitionReader - Loading XML bean definitions from class path resource [C:/java_workspace(EE)/springMVC Maven Webapp/src/main/java/applicationContext.xml]
INFO main org.springframework.context.support.ClassPathXmlApplicationContext - Refreshing org.springframework.context.support.ClassPathXmlApplicationContext@27ddd392: startup date [Thu Feb 04 16:33:02 CST 2016]; root of context hierarchy
2016-02-04 16:33:02,335 [main] INFO  org.springframework.context.support.ClassPathXmlApplicationContext - Refreshing org.springframework.context.support.ClassPathXmlApplicationContext@27ddd392: startup date [Thu Feb 04 16:33:02 CST 2016]; root of context hierarchy
INFO main org.springframework.beans.factory.xml.XmlBeanDefinitionReader - Loading XML bean definitions from class path resource [C:/java_workspace(EE)/springMVC Maven Webapp/src/main/java/applicationContext.xml]
2016-02-04 16:33:02,590 [main] INFO  org.springframework.beans.factory.xml.XmlBeanDefinitionReader - Loading XML bean definitions from class path resource [C:/java_workspace(EE)/springMVC Maven Webapp/src/main/java/applicationContext.xml]
INFO main org.springframework.context.support.ClassPathXmlApplicationContext - Refreshing org.springframework.context.support.ClassPathXmlApplicationContext@27ddd392: startup date [Thu Feb 04 16:36:02 CST 2016]; root of context hierarchy
2016-02-04 16:36:02,333 [main] INFO  org.springframework.context.support.ClassPathXmlApplicationContext - Refreshing org.springframework.context.support.ClassPathXmlApplicationContext@27ddd392: startup date [Thu Feb 04 16:36:02 CST 2016]; root of context hierarchy
INFO main org.springframework.beans.factory.xml.XmlBeanDefinitionReader - Loading XML bean definitions from class path resource [C:/java_workspace(EE)/springMVC Maven Webapp/src/main/java/applicationContext.xml]
2016-02-04 16:36:02,562 [main] INFO  org.springframework.beans.factory.xml.XmlBeanDefinitionReader - Loading XML bean definitions from class path resource [C:/java_workspace(EE)/springMVC Maven Webapp/src/main/java/applicationContext.xml]
INFO main org.springframework.context.support.ClassPathXmlApplicationContext - Refreshing org.springframework.context.support.ClassPathXmlApplicationContext@27ddd392: startup date [Thu Feb 04 16:39:08 CST 2016]; root of context hierarchy
2016-02-04 16:39:08,509 [main] INFO  org.springframework.context.support.ClassPathXmlApplicationContext - Refreshing org.springframework.context.support.ClassPathXmlApplicationContext@27ddd392: startup date [Thu Feb 04 16:39:08 CST 2016]; root of context hierarchy
INFO main org.springframework.beans.factory.xml.XmlBeanDefinitionReader - Loading XML bean definitions from class path resource [src/main/java/applicationContext.xml]
2016-02-04 16:39:08,737 [main] INFO  org.springframework.beans.factory.xml.XmlBeanDefinitionReader - Loading XML bean definitions from class path resource [src/main/java/applicationContext.xml]
INFO main org.springframework.context.support.ClassPathXmlApplicationContext - Refreshing org.springframework.context.support.ClassPathXmlApplicationContext@27ddd392: startup date [Thu Feb 04 16:40:03 CST 2016]; root of context hierarchy
2016-02-04 16:40:03,687 [main] INFO  org.springframework.context.support.ClassPathXmlApplicationContext - Refreshing org.springframework.context.support.ClassPathXmlApplicationContext@27ddd392: startup date [Thu Feb 04 16:40:03 CST 2016]; root of context hierarchy
INFO main org.springframework.beans.factory.xml.XmlBeanDefinitionReader - Loading XML bean definitions from class path resource [../../../src/main/java/applicationContext.xml]
2016-02-04 16:40:03,926 [main] INFO  org.springframework.beans.factory.xml.XmlBeanDefinitionReader - Loading XML bean definitions from class path resource [../../../src/main/java/applicationContext.xml]
INFO main org.springframework.context.support.ClassPathXmlApplicationContext - Refreshing org.springframework.context.support.ClassPathXmlApplicationContext@27ddd392: startup date [Thu Feb 04 16:41:16 CST 2016]; root of context hierarchy
2016-02-04 16:41:16,975 [main] INFO  org.springframework.context.support.ClassPathXmlApplicationContext - Refreshing org.springframework.context.support.ClassPathXmlApplicationContext@27ddd392: startup date [Thu Feb 04 16:41:16 CST 2016]; root of context hierarchy
INFO main org.springframework.beans.factory.xml.XmlBeanDefinitionReader - Loading XML bean definitions from class path resource [applicationContext.xml]
2016-02-04 16:41:17,178 [main] INFO  org.springframework.beans.factory.xml.XmlBeanDefinitionReader - Loading XML bean definitions from class path resource [applicationContext.xml]
INFO main org.springframework.beans.factory.config.PropertyPlaceholderConfigurer - Loading properties file from class path resource [database.properties]
2016-02-04 16:41:18,238 [main] INFO  org.springframework.beans.factory.config.PropertyPlaceholderConfigurer - Loading properties file from class path resource [database.properties]
INFO main org.springframework.jdbc.datasource.DriverManagerDataSource - Loaded JDBC driver: com.mysql.jdbc.Driver
2016-02-04 16:41:18,516 [main] INFO  org.springframework.jdbc.datasource.DriverManagerDataSource - Loaded JDBC driver: com.mysql.jdbc.Driver
INFO main org.springframework.context.support.ClassPathXmlApplicationContext - Refreshing org.springframework.context.support.ClassPathXmlApplicationContext@27ddd392: startup date [Thu Feb 04 16:42:59 CST 2016]; root of context hierarchy
2016-02-04 16:42:59,487 [main] INFO  org.springframework.context.support.ClassPathXmlApplicationContext - Refreshing org.springframework.context.support.ClassPathXmlApplicationContext@27ddd392: startup date [Thu Feb 04 16:42:59 CST 2016]; root of context hierarchy
INFO main org.springframework.beans.factory.xml.XmlBeanDefinitionReader - Loading XML bean definitions from class path resource [applicationContext.xml]
2016-02-04 16:42:59,674 [main] INFO  org.springframework.beans.factory.xml.XmlBeanDefinitionReader - Loading XML bean definitions from class path resource [applicationContext.xml]
INFO main org.springframework.beans.factory.config.PropertyPlaceholderConfigurer - Loading properties file from class path resource [database.properties]
2016-02-04 16:43:00,705 [main] INFO  org.springframework.beans.factory.config.PropertyPlaceholderConfigurer - Loading properties file from class path resource [database.properties]
INFO main org.springframework.jdbc.datasource.DriverManagerDataSource - Loaded JDBC driver: com.mysql.jdbc.Driver
2016-02-04 16:43:00,895 [main] INFO  org.springframework.jdbc.datasource.DriverManagerDataSource - Loaded JDBC driver: com.mysql.jdbc.Driver
INFO main org.springframework.context.support.ClassPathXmlApplicationContext - Refreshing org.springframework.context.support.ClassPathXmlApplicationContext@64a294a6: startup date [Thu Feb 04 16:56:45 CST 2016]; root of context hierarchy
2016-02-04 16:56:45,076 [main] INFO  org.springframework.context.support.ClassPathXmlApplicationContext - Refreshing org.springframework.context.support.ClassPathXmlApplicationContext@64a294a6: startup date [Thu Feb 04 16:56:45 CST 2016]; root of context hierarchy
INFO main org.springframework.beans.factory.xml.XmlBeanDefinitionReader - Loading XML bean definitions from class path resource [applicationContext.xml]
2016-02-04 16:56:45,296 [main] INFO  org.springframework.beans.factory.xml.XmlBeanDefinitionReader - Loading XML bean definitions from class path resource [applicationContext.xml]
INFO main org.springframework.beans.factory.config.PropertyPlaceholderConfigurer - Loading properties file from class path resource [database.properties]
2016-02-04 16:56:46,399 [main] INFO  org.springframework.beans.factory.config.PropertyPlaceholderConfigurer - Loading properties file from class path resource [database.properties]
INFO main org.springframework.jdbc.datasource.DriverManagerDataSource - Loaded JDBC driver: com.mysql.jdbc.Driver
2016-02-04 16:56:46,669 [main] INFO  org.springframework.jdbc.datasource.DriverManagerDataSource - Loaded JDBC driver: com.mysql.jdbc.Driver
INFO main org.springframework.context.support.ClassPathXmlApplicationContext - Refreshing org.springframework.context.support.ClassPathXmlApplicationContext@64a294a6: startup date [Thu Feb 04 16:57:56 CST 2016]; root of context hierarchy
2016-02-04 16:57:56,776 [main] INFO  org.springframework.context.support.ClassPathXmlApplicationContext - Refreshing org.springframework.context.support.ClassPathXmlApplicationContext@64a294a6: startup date [Thu Feb 04 16:57:56 CST 2016]; root of context hierarchy
INFO main org.springframework.beans.factory.xml.XmlBeanDefinitionReader - Loading XML bean definitions from class path resource [applicationContext.xml]
2016-02-04 16:57:56,972 [main] INFO  org.springframework.beans.factory.xml.XmlBeanDefinitionReader - Loading XML bean definitions from class path resource [applicationContext.xml]
INFO main org.springframework.beans.factory.config.PropertyPlaceholderConfigurer - Loading properties file from class path resource [database.properties]
2016-02-04 16:57:57,814 [main] INFO  org.springframework.beans.factory.config.PropertyPlaceholderConfigurer - Loading properties file from class path resource [database.properties]
INFO main org.springframework.jdbc.datasource.DriverManagerDataSource - Loaded JDBC driver: com.mysql.jdbc.Driver
2016-02-04 16:57:57,982 [main] INFO  org.springframework.jdbc.datasource.DriverManagerDataSource - Loaded JDBC driver: com.mysql.jdbc.Driver
INFO main org.springframework.context.support.ClassPathXmlApplicationContext - Refreshing org.springframework.context.support.ClassPathXmlApplicationContext@64a294a6: startup date [Thu Feb 04 17:04:48 CST 2016]; root of context hierarchy
2016-02-04 17:04:48,403 [main] INFO  org.springframework.context.support.ClassPathXmlApplicationContext - Refreshing org.springframework.context.support.ClassPathXmlApplicationContext@64a294a6: startup date [Thu Feb 04 17:04:48 CST 2016]; root of context hierarchy
INFO main org.springframework.beans.factory.xml.XmlBeanDefinitionReader - Loading XML bean definitions from class path resource [applicationContext.xml]
2016-02-04 17:04:48,813 [main] INFO  org.springframework.beans.factory.xml.XmlBeanDefinitionReader - Loading XML bean definitions from class path resource [applicationContext.xml]
WARN main org.springframework.beans.factory.xml.XmlBeanDefinitionReader - Ignored XML validation warning
2016-02-04 17:04:49,957 [main] WARN  org.springframework.beans.factory.xml.XmlBeanDefinitionReader - Ignored XML validation warning
org.xml.sax.SAXParseException; lineNumber: 11; columnNumber: 69; schema_reference.4: 无法读取方案文档 'http://www.springframework.org/schema/beans/spring-beans-4.1.8.xsd', 原因为 1) 无法找到文档; 2) 无法读取文档; 3) 文档的根元素不是 <xsd:schema>。
	at com.sun.org.apache.xerces.internal.util.ErrorHandlerWrapper.createSAXParseException(ErrorHandlerWrapper.java:203)
	at com.sun.org.apache.xerces.internal.util.ErrorHandlerWrapper.warning(ErrorHandlerWrapper.java:99)
	at com.sun.org.apache.xerces.internal.impl.XMLErrorReporter.reportError(XMLErrorReporter.java:433)
	at com.sun.org.apache.xerces.internal.impl.XMLErrorReporter.reportError(XMLErrorReporter.java:347)
	at com.sun.org.apache.xerces.internal.impl.xs.traversers.XSDHandler.reportSchemaErr(XSDHandler.java:4166)
	at com.sun.org.apache.xerces.internal.impl.xs.traversers.XSDHandler.reportSchemaWarning(XSDHandler.java:4157)
	at com.sun.org.apache.xerces.internal.impl.xs.traversers.XSDHandler.getSchemaDocument1(XSDHandler.java:2490)
	at com.sun.org.apache.xerces.internal.impl.xs.traversers.XSDHandler.getSchemaDocument(XSDHandler.java:2187)
	at com.sun.org.apache.xerces.internal.impl.xs.traversers.XSDHandler.parseSchema(XSDHandler.java:573)
	at com.sun.org.apache.xerces.internal.impl.xs.XMLSchemaLoader.loadSchema(XMLSchemaLoader.java:617)
	at com.sun.org.apache.xerces.internal.impl.xs.XMLSchemaValidator.findSchemaGrammar(XMLSchemaValidator.java:2453)
	at com.sun.org.apache.xerces.internal.impl.xs.XMLSchemaValidator.handleStartElement(XMLSchemaValidator.java:1773)
	at com.sun.org.apache.xerces.internal.impl.xs.XMLSchemaValidator.startElement(XMLSchemaValidator.java:746)
	at com.sun.org.apache.xerces.internal.impl.XMLNSDocumentScannerImpl.scanStartElement(XMLNSDocumentScannerImpl.java:379)
	at com.sun.org.apache.xerces.internal.impl.XMLNSDocumentScannerImpl$NSContentDriver.scanRootElementHook(XMLNSDocumentScannerImpl.java:605)
	at com.sun.org.apache.xerces.internal.impl.XMLDocumentFragmentScannerImpl$FragmentContentDriver.next(XMLDocumentFragmentScannerImpl.java:3138)
	at com.sun.org.apache.xerces.internal.impl.XMLDocumentScannerImpl$PrologDriver.next(XMLDocumentScannerImpl.java:880)
	at com.sun.org.apache.xerces.internal.impl.XMLDocumentScannerImpl.next(XMLDocumentScannerImpl.java:606)
	at com.sun.org.apache.xerces.internal.impl.XMLNSDocumentScannerImpl.next(XMLNSDocumentScannerImpl.java:117)
	at com.sun.org.apache.xerces.internal.impl.XMLDocumentFragmentScannerImpl.scanDocument(XMLDocumentFragmentScannerImpl.java:510)
	at com.sun.org.apache.xerces.internal.parsers.XML11Configuration.parse(XML11Configuration.java:848)
	at com.sun.org.apache.xerces.internal.parsers.XML11Configuration.parse(XML11Configuration.java:777)
	at com.sun.org.apache.xerces.internal.parsers.XMLParser.parse(XMLParser.java:141)
	at com.sun.org.apache.xerces.internal.parsers.DOMParser.parse(DOMParser.java:243)
	at com.sun.org.apache.xerces.internal.jaxp.DocumentBuilderImpl.parse(DocumentBuilderImpl.java:348)
	at org.springframework.beans.factory.xml.DefaultDocumentLoader.loadDocument(DefaultDocumentLoader.java:76)
	at org.springframework.beans.factory.xml.XmlBeanDefinitionReader.doLoadDocument(XmlBeanDefinitionReader.java:429)
	at org.springframework.beans.factory.xml.XmlBeanDefinitionReader.doLoadBeanDefinitions(XmlBeanDefinitionReader.java:391)
	at org.springframework.beans.factory.xml.XmlBeanDefinitionReader.loadBeanDefinitions(XmlBeanDefinitionReader.java:336)
	at org.springframework.beans.factory.xml.XmlBeanDefinitionReader.loadBeanDefinitions(XmlBeanDefinitionReader.java:304)
	at org.springframework.beans.factory.support.AbstractBeanDefinitionReader.loadBeanDefinitions(AbstractBeanDefinitionReader.java:181)
	at org.springframework.beans.factory.support.AbstractBeanDefinitionReader.loadBeanDefinitions(AbstractBeanDefinitionReader.java:217)
	at org.springframework.beans.factory.support.AbstractBeanDefinitionReader.loadBeanDefinitions(AbstractBeanDefinitionReader.java:188)
	at org.springframework.beans.factory.support.AbstractBeanDefinitionReader.loadBeanDefinitions(AbstractBeanDefinitionReader.java:252)
	at org.springframework.context.support.AbstractXmlApplicationContext.loadBeanDefinitions(AbstractXmlApplicationContext.java:127)
	at org.springframework.context.support.AbstractXmlApplicationContext.loadBeanDefinitions(AbstractXmlApplicationContext.java:93)
	at org.springframework.context.support.AbstractRefreshableApplicationContext.refreshBeanFactory(AbstractRefreshableApplicationContext.java:129)
	at org.springframework.context.support.AbstractApplicationContext.obtainFreshBeanFactory(AbstractApplicationContext.java:538)
	at org.springframework.context.support.AbstractApplicationContext.refresh(AbstractApplicationContext.java:452)
	at org.springframework.context.support.ClassPathXmlApplicationContext.<init>(ClassPathXmlApplicationContext.java:139)
	at org.springframework.context.support.ClassPathXmlApplicationContext.<init>(ClassPathXmlApplicationContext.java:83)
	at com.sunny.util.AppTest.testTransaction(AppTest.java:50)
	at com.sunny.util.AppTest.main(AppTest.java:55)
Caused by: java.io.FileNotFoundException: http://www.springframework.org/schema/beans/spring-beans-4.1.8.xsd
	at sun.net.www.protocol.http.HttpURLConnection.getInputStream0(HttpURLConnection.java:1835)
	at sun.net.www.protocol.http.HttpURLConnection.getInputStream(HttpURLConnection.java:1440)
	at com.sun.org.apache.xerces.internal.impl.XMLEntityManager.setupCurrentEntity(XMLEntityManager.java:646)
	at com.sun.org.apache.xerces.internal.impl.XMLVersionDetector.determineDocVersion(XMLVersionDetector.java:189)
	at com.sun.org.apache.xerces.internal.impl.xs.opti.SchemaParsingConfig.parse(SchemaParsingConfig.java:582)
	at com.sun.org.apache.xerces.internal.impl.xs.opti.SchemaParsingConfig.parse(SchemaParsingConfig.java:685)
	at com.sun.org.apache.xerces.internal.impl.xs.opti.SchemaDOMParser.parse(SchemaDOMParser.java:530)
	at com.sun.org.apache.xerces.internal.impl.xs.traversers.XSDHandler.getSchemaDocument(XSDHandler.java:2175)
	... 35 more
INFO main org.springframework.context.support.ClassPathXmlApplicationContext - Refreshing org.springframework.context.support.ClassPathXmlApplicationContext@64a294a6: startup date [Thu Feb 04 17:08:19 CST 2016]; root of context hierarchy
2016-02-04 17:08:19,535 [main] INFO  org.springframework.context.support.ClassPathXmlApplicationContext - Refreshing org.springframework.context.support.ClassPathXmlApplicationContext@64a294a6: startup date [Thu Feb 04 17:08:19 CST 2016]; root of context hierarchy
INFO main org.springframework.beans.factory.xml.XmlBeanDefinitionReader - Loading XML bean definitions from class path resource [applicationContext.xml]
2016-02-04 17:08:19,795 [main] INFO  org.springframework.beans.factory.xml.XmlBeanDefinitionReader - Loading XML bean definitions from class path resource [applicationContext.xml]
INFO main org.springframework.beans.factory.config.PropertyPlaceholderConfigurer - Loading properties file from class path resource [database.properties]
2016-02-04 17:08:21,096 [main] INFO  org.springframework.beans.factory.config.PropertyPlaceholderConfigurer - Loading properties file from class path resource [database.properties]
INFO main org.springframework.jdbc.datasource.DriverManagerDataSource - Loaded JDBC driver: com.mysql.jdbc.Driver
2016-02-04 17:08:21,298 [main] INFO  org.springframework.jdbc.datasource.DriverManagerDataSource - Loaded JDBC driver: com.mysql.jdbc.Driver
INFO main org.springframework.context.support.ClassPathXmlApplicationContext - Refreshing org.springframework.context.support.ClassPathXmlApplicationContext@64a294a6: startup date [Thu Feb 04 17:12:11 CST 2016]; root of context hierarchy
2016-02-04 17:12:11,740 [main] INFO  org.springframework.context.support.ClassPathXmlApplicationContext - Refreshing org.springframework.context.support.ClassPathXmlApplicationContext@64a294a6: startup date [Thu Feb 04 17:12:11 CST 2016]; root of context hierarchy
INFO main org.springframework.beans.factory.xml.XmlBeanDefinitionReader - Loading XML bean definitions from class path resource [applicationContext.xml]
2016-02-04 17:12:11,956 [main] INFO  org.springframework.beans.factory.xml.XmlBeanDefinitionReader - Loading XML bean definitions from class path resource [applicationContext.xml]
INFO main org.springframework.beans.factory.config.PropertyPlaceholderConfigurer - Loading properties file from class path resource [database.properties]
2016-02-04 17:12:12,927 [main] INFO  org.springframework.beans.factory.config.PropertyPlaceholderConfigurer - Loading properties file from class path resource [database.properties]
INFO main org.springframework.jdbc.datasource.DriverManagerDataSource - Loaded JDBC driver: com.mysql.jdbc.Driver
2016-02-04 17:12:13,101 [main] INFO  org.springframework.jdbc.datasource.DriverManagerDataSource - Loaded JDBC driver: com.mysql.jdbc.Driver
INFO main org.springframework.context.support.ClassPathXmlApplicationContext - Refreshing org.springframework.context.support.ClassPathXmlApplicationContext@d21a74c: startup date [Thu Feb 04 17:12:15 CST 2016]; root of context hierarchy
2016-02-04 17:12:15,227 [main] INFO  org.springframework.context.support.ClassPathXmlApplicationContext - Refreshing org.springframework.context.support.ClassPathXmlApplicationContext@d21a74c: startup date [Thu Feb 04 17:12:15 CST 2016]; root of context hierarchy
INFO main org.springframework.beans.factory.xml.XmlBeanDefinitionReader - Loading XML bean definitions from class path resource [applicationContext.xml]
2016-02-04 17:12:15,234 [main] INFO  org.springframework.beans.factory.xml.XmlBeanDefinitionReader - Loading XML bean definitions from class path resource [applicationContext.xml]
INFO main org.springframework.beans.factory.config.PropertyPlaceholderConfigurer - Loading properties file from class path resource [database.properties]
2016-02-04 17:12:15,411 [main] INFO  org.springframework.beans.factory.config.PropertyPlaceholderConfigurer - Loading properties file from class path resource [database.properties]
INFO main org.springframework.jdbc.datasource.DriverManagerDataSource - Loaded JDBC driver: com.mysql.jdbc.Driver
2016-02-04 17:12:15,429 [main] INFO  org.springframework.jdbc.datasource.DriverManagerDataSource - Loaded JDBC driver: com.mysql.jdbc.Driver
INFO main com.sunny.service.DemoService - key is:15
2016-02-04 17:12:15,659 [main] INFO  com.sunny.service.DemoService - key is:15
INFO main org.springframework.beans.factory.xml.XmlBeanDefinitionReader - Loading XML bean definitions from class path resource [org/springframework/jdbc/support/sql-error-codes.xml]
2016-02-04 17:12:15,701 [main] INFO  org.springframework.beans.factory.xml.XmlBeanDefinitionReader - Loading XML bean definitions from class path resource [org/springframework/jdbc/support/sql-error-codes.xml]
INFO main org.springframework.jdbc.support.SQLErrorCodesFactory - SQLErrorCodes loaded: [DB2, Derby, H2, HSQL, Informix, MS-SQL, MySQL, Oracle, PostgreSQL, Sybase, Hana]
2016-02-04 17:12:15,922 [main] INFO  org.springframework.jdbc.support.SQLErrorCodesFactory - SQLErrorCodes loaded: [DB2, Derby, H2, HSQL, Informix, MS-SQL, MySQL, Oracle, PostgreSQL, Sybase, Hana]
INFO main org.springframework.context.support.ClassPathXmlApplicationContext - Refreshing org.springframework.context.support.ClassPathXmlApplicationContext@64a294a6: startup date [Thu Feb 04 17:19:30 CST 2016]; root of context hierarchy
2016-02-04 17:19:30,473 [main] INFO  org.springframework.context.support.ClassPathXmlApplicationContext - Refreshing org.springframework.context.support.ClassPathXmlApplicationContext@64a294a6: startup date [Thu Feb 04 17:19:30 CST 2016]; root of context hierarchy
INFO main org.springframework.beans.factory.xml.XmlBeanDefinitionReader - Loading XML bean definitions from class path resource [applicationContext.xml]
2016-02-04 17:19:30,749 [main] INFO  org.springframework.beans.factory.xml.XmlBeanDefinitionReader - Loading XML bean definitions from class path resource [applicationContext.xml]
INFO main org.springframework.beans.factory.config.PropertyPlaceholderConfigurer - Loading properties file from class path resource [database.properties]
2016-02-04 17:19:31,684 [main] INFO  org.springframework.beans.factory.config.PropertyPlaceholderConfigurer - Loading properties file from class path resource [database.properties]
INFO main org.springframework.jdbc.datasource.DriverManagerDataSource - Loaded JDBC driver: com.mysql.jdbc.Driver
2016-02-04 17:19:31,888 [main] INFO  org.springframework.jdbc.datasource.DriverManagerDataSource - Loaded JDBC driver: com.mysql.jdbc.Driver
INFO main org.springframework.context.support.ClassPathXmlApplicationContext - Refreshing org.springframework.context.support.ClassPathXmlApplicationContext@d21a74c: startup date [Thu Feb 04 17:19:33 CST 2016]; root of context hierarchy
2016-02-04 17:19:33,976 [main] INFO  org.springframework.context.support.ClassPathXmlApplicationContext - Refreshing org.springframework.context.support.ClassPathXmlApplicationContext@d21a74c: startup date [Thu Feb 04 17:19:33 CST 2016]; root of context hierarchy
INFO main org.springframework.beans.factory.xml.XmlBeanDefinitionReader - Loading XML bean definitions from class path resource [applicationContext.xml]
2016-02-04 17:19:33,979 [main] INFO  org.springframework.beans.factory.xml.XmlBeanDefinitionReader - Loading XML bean definitions from class path resource [applicationContext.xml]
INFO main org.springframework.beans.factory.config.PropertyPlaceholderConfigurer - Loading properties file from class path resource [database.properties]
2016-02-04 17:19:34,203 [main] INFO  org.springframework.beans.factory.config.PropertyPlaceholderConfigurer - Loading properties file from class path resource [database.properties]
INFO main org.springframework.jdbc.datasource.DriverManagerDataSource - Loaded JDBC driver: com.mysql.jdbc.Driver
2016-02-04 17:19:34,218 [main] INFO  org.springframework.jdbc.datasource.DriverManagerDataSource - Loaded JDBC driver: com.mysql.jdbc.Driver
INFO main org.springframework.beans.factory.xml.XmlBeanDefinitionReader - Loading XML bean definitions from class path resource [org/springframework/jdbc/support/sql-error-codes.xml]
2016-02-04 17:19:34,580 [main] INFO  org.springframework.beans.factory.xml.XmlBeanDefinitionReader - Loading XML bean definitions from class path resource [org/springframework/jdbc/support/sql-error-codes.xml]
INFO main org.springframework.jdbc.support.SQLErrorCodesFactory - SQLErrorCodes loaded: [DB2, Derby, H2, HSQL, Informix, MS-SQL, MySQL, Oracle, PostgreSQL, Sybase, Hana]
2016-02-04 17:19:34,839 [main] INFO  org.springframework.jdbc.support.SQLErrorCodesFactory - SQLErrorCodes loaded: [DB2, Derby, H2, HSQL, Informix, MS-SQL, MySQL, Oracle, PostgreSQL, Sybase, Hana]
INFO main org.springframework.context.support.ClassPathXmlApplicationContext - Refreshing org.springframework.context.support.ClassPathXmlApplicationContext@64a294a6: startup date [Thu Feb 04 17:20:38 CST 2016]; root of context hierarchy
2016-02-04 17:20:38,747 [main] INFO  org.springframework.context.support.ClassPathXmlApplicationContext - Refreshing org.springframework.context.support.ClassPathXmlApplicationContext@64a294a6: startup date [Thu Feb 04 17:20:38 CST 2016]; root of context hierarchy
INFO main org.springframework.beans.factory.xml.XmlBeanDefinitionReader - Loading XML bean definitions from class path resource [applicationContext.xml]
2016-02-04 17:20:38,938 [main] INFO  org.springframework.beans.factory.xml.XmlBeanDefinitionReader - Loading XML bean definitions from class path resource [applicationContext.xml]
INFO main org.springframework.beans.factory.config.PropertyPlaceholderConfigurer - Loading properties file from class path resource [database.properties]
2016-02-04 17:20:39,928 [main] INFO  org.springframework.beans.factory.config.PropertyPlaceholderConfigurer - Loading properties file from class path resource [database.properties]
INFO main org.springframework.jdbc.datasource.DriverManagerDataSource - Loaded JDBC driver: com.mysql.jdbc.Driver
2016-02-04 17:20:40,179 [main] INFO  org.springframework.jdbc.datasource.DriverManagerDataSource - Loaded JDBC driver: com.mysql.jdbc.Driver
INFO main org.springframework.context.support.ClassPathXmlApplicationContext - Refreshing org.springframework.context.support.ClassPathXmlApplicationContext@d21a74c: startup date [Thu Feb 04 17:20:43 CST 2016]; root of context hierarchy
2016-02-04 17:20:43,028 [main] INFO  org.springframework.context.support.ClassPathXmlApplicationContext - Refreshing org.springframework.context.support.ClassPathXmlApplicationContext@d21a74c: startup date [Thu Feb 04 17:20:43 CST 2016]; root of context hierarchy
INFO main org.springframework.beans.factory.xml.XmlBeanDefinitionReader - Loading XML bean definitions from class path resource [applicationContext.xml]
2016-02-04 17:20:43,037 [main] INFO  org.springframework.beans.factory.xml.XmlBeanDefinitionReader - Loading XML bean definitions from class path resource [applicationContext.xml]
INFO main org.springframework.beans.factory.config.PropertyPlaceholderConfigurer - Loading properties file from class path resource [database.properties]
2016-02-04 17:20:43,281 [main] INFO  org.springframework.beans.factory.config.PropertyPlaceholderConfigurer - Loading properties file from class path resource [database.properties]
INFO main org.springframework.jdbc.datasource.DriverManagerDataSource - Loaded JDBC driver: com.mysql.jdbc.Driver
2016-02-04 17:20:43,298 [main] INFO  org.springframework.jdbc.datasource.DriverManagerDataSource - Loaded JDBC driver: com.mysql.jdbc.Driver
INFO main com.sunny.service.DemoService - key is:16
2016-02-04 17:20:43,519 [main] INFO  com.sunny.service.DemoService - key is:16
INFO main org.springframework.beans.factory.xml.XmlBeanDefinitionReader - Loading XML bean definitions from class path resource [org/springframework/jdbc/support/sql-error-codes.xml]
2016-02-04 17:20:43,559 [main] INFO  org.springframework.beans.factory.xml.XmlBeanDefinitionReader - Loading XML bean definitions from class path resource [org/springframework/jdbc/support/sql-error-codes.xml]
INFO main org.springframework.jdbc.support.SQLErrorCodesFactory - SQLErrorCodes loaded: [DB2, Derby, H2, HSQL, Informix, MS-SQL, MySQL, Oracle, PostgreSQL, Sybase, Hana]
2016-02-04 17:20:43,759 [main] INFO  org.springframework.jdbc.support.SQLErrorCodesFactory - SQLErrorCodes loaded: [DB2, Derby, H2, HSQL, Informix, MS-SQL, MySQL, Oracle, PostgreSQL, Sybase, Hana]
INFO main org.springframework.context.support.ClassPathXmlApplicationContext - Refreshing org.springframework.context.support.ClassPathXmlApplicationContext@64a294a6: startup date [Thu Feb 04 17:41:39 CST 2016]; root of context hierarchy
2016-02-04 17:41:39,245 [main] INFO  org.springframework.context.support.ClassPathXmlApplicationContext - Refreshing org.springframework.context.support.ClassPathXmlApplicationContext@64a294a6: startup date [Thu Feb 04 17:41:39 CST 2016]; root of context hierarchy
INFO main org.springframework.beans.factory.xml.XmlBeanDefinitionReader - Loading XML bean definitions from class path resource [applicationContext.xml]
2016-02-04 17:41:39,500 [main] INFO  org.springframework.beans.factory.xml.XmlBeanDefinitionReader - Loading XML bean definitions from class path resource [applicationContext.xml]
INFO main org.springframework.beans.factory.config.PropertyPlaceholderConfigurer - Loading properties file from class path resource [database.properties]
2016-02-04 17:41:40,838 [main] INFO  org.springframework.beans.factory.config.PropertyPlaceholderConfigurer - Loading properties file from class path resource [database.properties]
INFO main org.springframework.jdbc.datasource.DriverManagerDataSource - Loaded JDBC driver: com.mysql.jdbc.Driver
2016-02-04 17:41:41,056 [main] INFO  org.springframework.jdbc.datasource.DriverManagerDataSource - Loaded JDBC driver: com.mysql.jdbc.Driver
INFO main org.springframework.context.support.ClassPathXmlApplicationContext - Refreshing org.springframework.context.support.ClassPathXmlApplicationContext@6a2b953e: startup date [Thu Feb 04 17:41:44 CST 2016]; root of context hierarchy
2016-02-04 17:41:44,026 [main] INFO  org.springframework.context.support.ClassPathXmlApplicationContext - Refreshing org.springframework.context.support.ClassPathXmlApplicationContext@6a2b953e: startup date [Thu Feb 04 17:41:44 CST 2016]; root of context hierarchy
INFO main org.springframework.beans.factory.xml.XmlBeanDefinitionReader - Loading XML bean definitions from class path resource [applicationContext.xml]
2016-02-04 17:41:44,030 [main] INFO  org.springframework.beans.factory.xml.XmlBeanDefinitionReader - Loading XML bean definitions from class path resource [applicationContext.xml]
INFO main org.springframework.beans.factory.config.PropertyPlaceholderConfigurer - Loading properties file from class path resource [database.properties]
2016-02-04 17:41:44,366 [main] INFO  org.springframework.beans.factory.config.PropertyPlaceholderConfigurer - Loading properties file from class path resource [database.properties]
INFO main org.springframework.jdbc.datasource.DriverManagerDataSource - Loaded JDBC driver: com.mysql.jdbc.Driver
2016-02-04 17:41:44,389 [main] INFO  org.springframework.jdbc.datasource.DriverManagerDataSource - Loaded JDBC driver: com.mysql.jdbc.Driver
INFO main com.sunny.service.DemoService - key is:17
2016-02-04 17:41:44,786 [main] INFO  com.sunny.service.DemoService - key is:17
INFO main org.springframework.beans.factory.xml.XmlBeanDefinitionReader - Loading XML bean definitions from class path resource [org/springframework/jdbc/support/sql-error-codes.xml]
2016-02-04 17:41:44,837 [main] INFO  org.springframework.beans.factory.xml.XmlBeanDefinitionReader - Loading XML bean definitions from class path resource [org/springframework/jdbc/support/sql-error-codes.xml]
INFO main org.springframework.jdbc.support.SQLErrorCodesFactory - SQLErrorCodes loaded: [DB2, Derby, H2, HSQL, Informix, MS-SQL, MySQL, Oracle, PostgreSQL, Sybase, Hana]
2016-02-04 17:41:45,062 [main] INFO  org.springframework.jdbc.support.SQLErrorCodesFactory - SQLErrorCodes loaded: [DB2, Derby, H2, HSQL, Informix, MS-SQL, MySQL, Oracle, PostgreSQL, Sybase, Hana]
INFO main org.springframework.context.support.ClassPathXmlApplicationContext - Refreshing org.springframework.context.support.ClassPathXmlApplicationContext@64a294a6: startup date [Thu Feb 04 17:44:29 CST 2016]; root of context hierarchy
2016-02-04 17:44:29,914 [main] INFO  org.springframework.context.support.ClassPathXmlApplicationContext - Refreshing org.springframework.context.support.ClassPathXmlApplicationContext@64a294a6: startup date [Thu Feb 04 17:44:29 CST 2016]; root of context hierarchy
INFO main org.springframework.beans.factory.xml.XmlBeanDefinitionReader - Loading XML bean definitions from class path resource [applicationContext.xml]
2016-02-04 17:44:30,285 [main] INFO  org.springframework.beans.factory.xml.XmlBeanDefinitionReader - Loading XML bean definitions from class path resource [applicationContext.xml]
INFO main org.springframework.beans.factory.config.PropertyPlaceholderConfigurer - Loading properties file from class path resource [database.properties]
2016-02-04 17:44:31,683 [main] INFO  org.springframework.beans.factory.config.PropertyPlaceholderConfigurer - Loading properties file from class path resource [database.properties]
INFO main org.springframework.jdbc.datasource.DriverManagerDataSource - Loaded JDBC driver: com.mysql.jdbc.Driver
2016-02-04 17:44:31,945 [main] INFO  org.springframework.jdbc.datasource.DriverManagerDataSource - Loaded JDBC driver: com.mysql.jdbc.Driver
INFO main com.sunny.service.DemoService - key is:18
2016-02-04 17:44:35,427 [main] INFO  com.sunny.service.DemoService - key is:18
INFO main org.springframework.beans.factory.xml.XmlBeanDefinitionReader - Loading XML bean definitions from class path resource [org/springframework/jdbc/support/sql-error-codes.xml]
2016-02-04 17:44:35,487 [main] INFO  org.springframework.beans.factory.xml.XmlBeanDefinitionReader - Loading XML bean definitions from class path resource [org/springframework/jdbc/support/sql-error-codes.xml]
INFO main org.springframework.jdbc.support.SQLErrorCodesFactory - SQLErrorCodes loaded: [DB2, Derby, H2, HSQL, Informix, MS-SQL, MySQL, Oracle, PostgreSQL, Sybase, Hana]
2016-02-04 17:44:35,758 [main] INFO  org.springframework.jdbc.support.SQLErrorCodesFactory - SQLErrorCodes loaded: [DB2, Derby, H2, HSQL, Informix, MS-SQL, MySQL, Oracle, PostgreSQL, Sybase, Hana]
INFO main org.springframework.context.support.ClassPathXmlApplicationContext - Refreshing org.springframework.context.support.ClassPathXmlApplicationContext@64a294a6: startup date [Thu Feb 04 17:46:15 CST 2016]; root of context hierarchy
2016-02-04 17:46:15,300 [main] INFO  org.springframework.context.support.ClassPathXmlApplicationContext - Refreshing org.springframework.context.support.ClassPathXmlApplicationContext@64a294a6: startup date [Thu Feb 04 17:46:15 CST 2016]; root of context hierarchy
INFO main org.springframework.beans.factory.xml.XmlBeanDefinitionReader - Loading XML bean definitions from class path resource [applicationContext.xml]
2016-02-04 17:46:15,626 [main] INFO  org.springframework.beans.factory.xml.XmlBeanDefinitionReader - Loading XML bean definitions from class path resource [applicationContext.xml]
INFO main org.springframework.beans.factory.config.PropertyPlaceholderConfigurer - Loading properties file from class path resource [database.properties]
2016-02-04 17:46:17,194 [main] INFO  org.springframework.beans.factory.config.PropertyPlaceholderConfigurer - Loading properties file from class path resource [database.properties]
INFO main org.springframework.jdbc.datasource.DriverManagerDataSource - Loaded JDBC driver: com.mysql.jdbc.Driver
2016-02-04 17:46:17,400 [main] INFO  org.springframework.jdbc.datasource.DriverManagerDataSource - Loaded JDBC driver: com.mysql.jdbc.Driver
INFO main com.sunny.service.DemoService - key is:19
2016-02-04 17:46:20,142 [main] INFO  com.sunny.service.DemoService - key is:19
INFO main org.springframework.beans.factory.xml.XmlBeanDefinitionReader - Loading XML bean definitions from class path resource [org/springframework/jdbc/support/sql-error-codes.xml]
2016-02-04 17:46:20,193 [main] INFO  org.springframework.beans.factory.xml.XmlBeanDefinitionReader - Loading XML bean definitions from class path resource [org/springframework/jdbc/support/sql-error-codes.xml]
INFO main org.springframework.jdbc.support.SQLErrorCodesFactory - SQLErrorCodes loaded: [DB2, Derby, H2, HSQL, Informix, MS-SQL, MySQL, Oracle, PostgreSQL, Sybase, Hana]
2016-02-04 17:46:20,428 [main] INFO  org.springframework.jdbc.support.SQLErrorCodesFactory - SQLErrorCodes loaded: [DB2, Derby, H2, HSQL, Informix, MS-SQL, MySQL, Oracle, PostgreSQL, Sybase, Hana]
INFO main org.springframework.context.support.ClassPathXmlApplicationContext - Refreshing org.springframework.context.support.ClassPathXmlApplicationContext@64a294a6: startup date [Thu Feb 04 17:47:23 CST 2016]; root of context hierarchy
2016-02-04 17:47:23,301 [main] INFO  org.springframework.context.support.ClassPathXmlApplicationContext - Refreshing org.springframework.context.support.ClassPathXmlApplicationContext@64a294a6: startup date [Thu Feb 04 17:47:23 CST 2016]; root of context hierarchy
INFO main org.springframework.beans.factory.xml.XmlBeanDefinitionReader - Loading XML bean definitions from class path resource [applicationContext.xml]
2016-02-04 17:47:23,541 [main] INFO  org.springframework.beans.factory.xml.XmlBeanDefinitionReader - Loading XML bean definitions from class path resource [applicationContext.xml]
INFO main org.springframework.beans.factory.config.PropertyPlaceholderConfigurer - Loading properties file from class path resource [database.properties]
2016-02-04 17:47:24,595 [main] INFO  org.springframework.beans.factory.config.PropertyPlaceholderConfigurer - Loading properties file from class path resource [database.properties]
INFO main org.springframework.jdbc.datasource.DriverManagerDataSource - Loaded JDBC driver: com.mysql.jdbc.Driver
2016-02-04 17:47:24,836 [main] INFO  org.springframework.jdbc.datasource.DriverManagerDataSource - Loaded JDBC driver: com.mysql.jdbc.Driver
INFO main com.sunny.service.DemoService - key is:20
2016-02-04 17:47:27,291 [main] INFO  com.sunny.service.DemoService - key is:20
INFO main org.springframework.beans.factory.xml.XmlBeanDefinitionReader - Loading XML bean definitions from class path resource [org/springframework/jdbc/support/sql-error-codes.xml]
2016-02-04 17:47:27,332 [main] INFO  org.springframework.beans.factory.xml.XmlBeanDefinitionReader - Loading XML bean definitions from class path resource [org/springframework/jdbc/support/sql-error-codes.xml]
INFO main org.springframework.jdbc.support.SQLErrorCodesFactory - SQLErrorCodes loaded: [DB2, Derby, H2, HSQL, Informix, MS-SQL, MySQL, Oracle, PostgreSQL, Sybase, Hana]
2016-02-04 17:47:27,531 [main] INFO  org.springframework.jdbc.support.SQLErrorCodesFactory - SQLErrorCodes loaded: [DB2, Derby, H2, HSQL, Informix, MS-SQL, MySQL, Oracle, PostgreSQL, Sybase, Hana]
INFO main org.springframework.context.support.ClassPathXmlApplicationContext - Refreshing org.springframework.context.support.ClassPathXmlApplicationContext@c2e1f26: startup date [Thu Apr 07 19:39:07 CST 2016]; root of context hierarchy
2016-04-07 19:39:07,263 [main] INFO  org.springframework.context.support.ClassPathXmlApplicationContext - Refreshing org.springframework.context.support.ClassPathXmlApplicationContext@c2e1f26: startup date [Thu Apr 07 19:39:07 CST 2016]; root of context hierarchy
INFO main org.springframework.beans.factory.xml.XmlBeanDefinitionReader - Loading XML bean definitions from class path resource [applicationContext.xml]
2016-04-07 19:39:07,498 [main] INFO  org.springframework.beans.factory.xml.XmlBeanDefinitionReader - Loading XML bean definitions from class path resource [applicationContext.xml]
INFO main org.springframework.beans.factory.config.PropertyPlaceholderConfigurer - Loading properties file from class path resource [database.properties]
2016-04-07 19:39:08,902 [main] INFO  org.springframework.beans.factory.config.PropertyPlaceholderConfigurer - Loading properties file from class path resource [database.properties]
INFO main org.springframework.jdbc.datasource.DriverManagerDataSource - Loaded JDBC driver: com.mysql.jdbc.Driver
2016-04-07 19:39:09,200 [main] INFO  org.springframework.jdbc.datasource.DriverManagerDataSource - Loaded JDBC driver: com.mysql.jdbc.Driver
INFO main com.sunny.service.DemoService - key is:8
2016-04-07 19:39:12,460 [main] INFO  com.sunny.service.DemoService - key is:8
INFO main org.springframework.beans.factory.xml.XmlBeanDefinitionReader - Loading XML bean definitions from class path resource [org/springframework/jdbc/support/sql-error-codes.xml]
2016-04-07 19:39:12,523 [main] INFO  org.springframework.beans.factory.xml.XmlBeanDefinitionReader - Loading XML bean definitions from class path resource [org/springframework/jdbc/support/sql-error-codes.xml]
INFO main org.springframework.jdbc.support.SQLErrorCodesFactory - SQLErrorCodes loaded: [DB2, Derby, H2, HSQL, Informix, MS-SQL, MySQL, Oracle, PostgreSQL, Sybase, Hana]
2016-04-07 19:39:12,789 [main] INFO  org.springframework.jdbc.support.SQLErrorCodesFactory - SQLErrorCodes loaded: [DB2, Derby, H2, HSQL, Informix, MS-SQL, MySQL, Oracle, PostgreSQL, Sybase, Hana]
INFO main org.springframework.context.support.ClassPathXmlApplicationContext - Refreshing org.springframework.context.support.ClassPathXmlApplicationContext@c2e1f26: startup date [Thu Apr 07 19:45:44 CST 2016]; root of context hierarchy
2016-04-07 19:45:44,442 [main] INFO  org.springframework.context.support.ClassPathXmlApplicationContext - Refreshing org.springframework.context.support.ClassPathXmlApplicationContext@c2e1f26: startup date [Thu Apr 07 19:45:44 CST 2016]; root of context hierarchy
INFO main org.springframework.beans.factory.xml.XmlBeanDefinitionReader - Loading XML bean definitions from class path resource [applicationContext.xml]
2016-04-07 19:45:44,720 [main] INFO  org.springframework.beans.factory.xml.XmlBeanDefinitionReader - Loading XML bean definitions from class path resource [applicationContext.xml]
INFO main org.springframework.beans.factory.config.PropertyPlaceholderConfigurer - Loading properties file from class path resource [database.properties]
2016-04-07 19:45:46,037 [main] INFO  org.springframework.beans.factory.config.PropertyPlaceholderConfigurer - Loading properties file from class path resource [database.properties]
INFO main org.springframework.jdbc.datasource.DriverManagerDataSource - Loaded JDBC driver: com.mysql.jdbc.Driver
2016-04-07 19:45:46,285 [main] INFO  org.springframework.jdbc.datasource.DriverManagerDataSource - Loaded JDBC driver: com.mysql.jdbc.Driver
INFO main org.springframework.beans.factory.xml.XmlBeanDefinitionReader - Loading XML bean definitions from class path resource [org/springframework/jdbc/support/sql-error-codes.xml]
2016-04-07 19:45:49,321 [main] INFO  org.springframework.beans.factory.xml.XmlBeanDefinitionReader - Loading XML bean definitions from class path resource [org/springframework/jdbc/support/sql-error-codes.xml]
INFO main org.springframework.jdbc.support.SQLErrorCodesFactory - SQLErrorCodes loaded: [DB2, Derby, H2, HSQL, Informix, MS-SQL, MySQL, Oracle, PostgreSQL, Sybase, Hana]
2016-04-07 19:45:49,537 [main] INFO  org.springframework.jdbc.support.SQLErrorCodesFactory - SQLErrorCodes loaded: [DB2, Derby, H2, HSQL, Informix, MS-SQL, MySQL, Oracle, PostgreSQL, Sybase, Hana]
INFO main org.springframework.context.support.ClassPathXmlApplicationContext - Refreshing org.springframework.context.support.ClassPathXmlApplicationContext@c2e1f26: startup date [Thu Apr 07 19:51:30 CST 2016]; root of context hierarchy
2016-04-07 19:51:30,665 [main] INFO  org.springframework.context.support.ClassPathXmlApplicationContext - Refreshing org.springframework.context.support.ClassPathXmlApplicationContext@c2e1f26: startup date [Thu Apr 07 19:51:30 CST 2016]; root of context hierarchy
INFO main org.springframework.beans.factory.xml.XmlBeanDefinitionReader - Loading XML bean definitions from class path resource [applicationContext.xml]
2016-04-07 19:51:30,927 [main] INFO  org.springframework.beans.factory.xml.XmlBeanDefinitionReader - Loading XML bean definitions from class path resource [applicationContext.xml]
INFO main org.springframework.beans.factory.config.PropertyPlaceholderConfigurer - Loading properties file from class path resource [database.properties]
2016-04-07 19:51:32,173 [main] INFO  org.springframework.beans.factory.config.PropertyPlaceholderConfigurer - Loading properties file from class path resource [database.properties]
INFO main org.springframework.jdbc.datasource.DriverManagerDataSource - Loaded JDBC driver: com.mysql.jdbc.Driver
2016-04-07 19:51:32,381 [main] INFO  org.springframework.jdbc.datasource.DriverManagerDataSource - Loaded JDBC driver: com.mysql.jdbc.Driver
INFO main org.springframework.beans.factory.xml.XmlBeanDefinitionReader - Loading XML bean definitions from class path resource [org/springframework/jdbc/support/sql-error-codes.xml]
2016-04-07 19:51:34,933 [main] INFO  org.springframework.beans.factory.xml.XmlBeanDefinitionReader - Loading XML bean definitions from class path resource [org/springframework/jdbc/support/sql-error-codes.xml]
INFO main org.springframework.jdbc.support.SQLErrorCodesFactory - SQLErrorCodes loaded: [DB2, Derby, H2, HSQL, Informix, MS-SQL, MySQL, Oracle, PostgreSQL, Sybase, Hana]
2016-04-07 19:51:35,119 [main] INFO  org.springframework.jdbc.support.SQLErrorCodesFactory - SQLErrorCodes loaded: [DB2, Derby, H2, HSQL, Informix, MS-SQL, MySQL, Oracle, PostgreSQL, Sybase, Hana]
INFO main org.springframework.context.support.ClassPathXmlApplicationContext - Refreshing org.springframework.context.support.ClassPathXmlApplicationContext@c2e1f26: startup date [Thu Apr 07 19:54:23 CST 2016]; root of context hierarchy
2016-04-07 19:54:23,879 [main] INFO  org.springframework.context.support.ClassPathXmlApplicationContext - Refreshing org.springframework.context.support.ClassPathXmlApplicationContext@c2e1f26: startup date [Thu Apr 07 19:54:23 CST 2016]; root of context hierarchy
INFO main org.springframework.beans.factory.xml.XmlBeanDefinitionReader - Loading XML bean definitions from class path resource [applicationContext.xml]
2016-04-07 19:54:24,140 [main] INFO  org.springframework.beans.factory.xml.XmlBeanDefinitionReader - Loading XML bean definitions from class path resource [applicationContext.xml]
INFO main org.springframework.beans.factory.config.PropertyPlaceholderConfigurer - Loading properties file from class path resource [database.properties]
2016-04-07 19:54:25,304 [main] INFO  org.springframework.beans.factory.config.PropertyPlaceholderConfigurer - Loading properties file from class path resource [database.properties]
INFO main org.springframework.jdbc.datasource.DriverManagerDataSource - Loaded JDBC driver: com.mysql.jdbc.Driver
2016-04-07 19:54:25,515 [main] INFO  org.springframework.jdbc.datasource.DriverManagerDataSource - Loaded JDBC driver: com.mysql.jdbc.Driver
INFO main org.springframework.context.support.ClassPathXmlApplicationContext - Refreshing org.springframework.context.support.ClassPathXmlApplicationContext@c2e1f26: startup date [Thu Apr 07 19:56:44 CST 2016]; root of context hierarchy
2016-04-07 19:56:44,764 [main] INFO  org.springframework.context.support.ClassPathXmlApplicationContext - Refreshing org.springframework.context.support.ClassPathXmlApplicationContext@c2e1f26: startup date [Thu Apr 07 19:56:44 CST 2016]; root of context hierarchy
INFO main org.springframework.beans.factory.xml.XmlBeanDefinitionReader - Loading XML bean definitions from class path resource [applicationContext.xml]
2016-04-07 19:56:44,953 [main] INFO  org.springframework.beans.factory.xml.XmlBeanDefinitionReader - Loading XML bean definitions from class path resource [applicationContext.xml]
INFO main org.springframework.beans.factory.config.PropertyPlaceholderConfigurer - Loading properties file from class path resource [database.properties]
2016-04-07 19:56:45,962 [main] INFO  org.springframework.beans.factory.config.PropertyPlaceholderConfigurer - Loading properties file from class path resource [database.properties]
INFO main org.springframework.jdbc.datasource.DriverManagerDataSource - Loaded JDBC driver: com.mysql.jdbc.Driver
2016-04-07 19:56:46,201 [main] INFO  org.springframework.jdbc.datasource.DriverManagerDataSource - Loaded JDBC driver: com.mysql.jdbc.Driver
INFO main org.springframework.beans.factory.xml.XmlBeanDefinitionReader - Loading XML bean definitions from class path resource [org/springframework/jdbc/support/sql-error-codes.xml]
2016-04-07 19:56:48,535 [main] INFO  org.springframework.beans.factory.xml.XmlBeanDefinitionReader - Loading XML bean definitions from class path resource [org/springframework/jdbc/support/sql-error-codes.xml]
INFO main org.springframework.jdbc.support.SQLErrorCodesFactory - SQLErrorCodes loaded: [DB2, Derby, H2, HSQL, Informix, MS-SQL, MySQL, Oracle, PostgreSQL, Sybase, Hana]
2016-04-07 19:56:48,716 [main] INFO  org.springframework.jdbc.support.SQLErrorCodesFactory - SQLErrorCodes loaded: [DB2, Derby, H2, HSQL, Informix, MS-SQL, MySQL, Oracle, PostgreSQL, Sybase, Hana]
INFO main org.springframework.context.support.ClassPathXmlApplicationContext - Refreshing org.springframework.context.support.ClassPathXmlApplicationContext@c2e1f26: startup date [Thu Apr 07 19:58:47 CST 2016]; root of context hierarchy
2016-04-07 19:58:47,340 [main] INFO  org.springframework.context.support.ClassPathXmlApplicationContext - Refreshing org.springframework.context.support.ClassPathXmlApplicationContext@c2e1f26: startup date [Thu Apr 07 19:58:47 CST 2016]; root of context hierarchy
INFO main org.springframework.beans.factory.xml.XmlBeanDefinitionReader - Loading XML bean definitions from class path resource [applicationContext.xml]
2016-04-07 19:58:47,531 [main] INFO  org.springframework.beans.factory.xml.XmlBeanDefinitionReader - Loading XML bean definitions from class path resource [applicationContext.xml]
INFO main org.springframework.beans.factory.config.PropertyPlaceholderConfigurer - Loading properties file from class path resource [database.properties]
2016-04-07 19:58:48,482 [main] INFO  org.springframework.beans.factory.config.PropertyPlaceholderConfigurer - Loading properties file from class path resource [database.properties]
INFO main org.springframework.jdbc.datasource.DriverManagerDataSource - Loaded JDBC driver: com.mysql.jdbc.Driver
2016-04-07 19:58:48,692 [main] INFO  org.springframework.jdbc.datasource.DriverManagerDataSource - Loaded JDBC driver: com.mysql.jdbc.Driver
INFO main org.springframework.beans.factory.xml.XmlBeanDefinitionReader - Loading XML bean definitions from class path resource [org/springframework/jdbc/support/sql-error-codes.xml]
2016-04-07 19:58:50,866 [main] INFO  org.springframework.beans.factory.xml.XmlBeanDefinitionReader - Loading XML bean definitions from class path resource [org/springframework/jdbc/support/sql-error-codes.xml]
INFO main org.springframework.jdbc.support.SQLErrorCodesFactory - SQLErrorCodes loaded: [DB2, Derby, H2, HSQL, Informix, MS-SQL, MySQL, Oracle, PostgreSQL, Sybase, Hana]
2016-04-07 19:58:51,060 [main] INFO  org.springframework.jdbc.support.SQLErrorCodesFactory - SQLErrorCodes loaded: [DB2, Derby, H2, HSQL, Informix, MS-SQL, MySQL, Oracle, PostgreSQL, Sybase, Hana]
